make -f Makefile results.xml
make[1]: Entering directory '/workspace/challenges-rohinthram/level3_design'
MODULE=test_code_cnvt_fsm     TESTCASE= TOPLEVEL=main           TOPLEVEL_LANG=verilog \
         /home/linuxbrew/.linuxbrew/bin/vvp -M /home/gitpod/.pyenv/versions/3.8.10/lib/python3.8/site-packages/cocotb/libs -m libcocotbvpi_icarus   sim_build/sim.vvp 
     -.--ns INFO     cocotb.gpi                         ..mbed/gpi_embed.cpp:76   in set_program_name_in_venv        Did not detect Python virtual environment. Using system-wide Python interpreter
     -.--ns INFO     cocotb.gpi                         ../gpi/GpiCommon.cpp:99   in gpi_print_registered_impl       VPI registered
     0.00ns INFO     Running on Icarus Verilog version 11.0 (stable)
     0.00ns INFO     Running tests with cocotb v1.6.2 from /home/gitpod/.pyenv/versions/3.8.10/lib/python3.8/site-packages/cocotb
     0.00ns INFO     Seeding Python random module with 1659082156
     0.00ns WARNING  Pytest not found, assertion rewriting will not occur
     0.00ns INFO     Found test test_code_cnvt_fsm.test_code_cnvt_bug1
     0.00ns INFO     running test_code_cnvt_bug1 (1/1)
     2.00ns INFO     Correct : 00000 	 From DUT: x0000
     4.00ns INFO     Correct : 00000 	 From DUT: 0x000
     6.00ns INFO     Correct : 00000 	 From DUT: x0x00
     8.00ns INFO     Correct : 00000 	 From DUT: 0x0x0
    10.00ns INFO     Correct : 00000 	 From DUT: x0x0x
    12.00ns INFO     Correct : 00000 	 From DUT: 0x0x0
    14.00ns INFO     Correct : 00000 	 From DUT: x0x0x
    16.00ns INFO     Correct : 00000 	 From DUT: 0x0x0
    18.00ns INFO     Correct : 00000 	 From DUT: 10x0x
    20.00ns INFO     Correct : 00000 	 From DUT: 010x0
    22.00ns INFO     Correct : 00000 	 From DUT: 1010x
    24.00ns INFO     Correct : 00000 	 From DUT: 01010
    26.00ns INFO     Correct : 00000 	 From DUT: 10101
    28.00ns INFO     Correct : 00000 	 From DUT: 11010
    30.00ns INFO     Correct : 00000 	 From DUT: 01101
    32.00ns INFO     Correct : 00000 	 From DUT: 10110
    34.00ns INFO     Correct : 00000 	 From DUT: 01011
    36.00ns INFO     Correct : 00000 	 From DUT: 10101
    38.00ns INFO     Correct : 00000 	 From DUT: 11010
    40.00ns INFO     Correct : 00000 	 From DUT: 01101
    40.00ns INFO     test_code_cnvt_bug1 passed
    40.00ns INFO     ************************************************************************************************
                     ** TEST                                    STATUS  SIM TIME (ns)  REAL TIME (s)  RATIO (ns/s) **
                     ************************************************************************************************
                     ** test_code_cnvt_fsm.test_code_cnvt_bug1   PASS          40.00           0.01       5836.51  **
                     ************************************************************************************************
                     ** TESTS=1 PASS=1 FAIL=0 SKIP=0                           40.00           0.01       3047.65  **
                     ************************************************************************************************
                     
make[1]: Leaving directory '/workspace/challenges-rohinthram/level3_design'
